<?xml version="1.0" encoding="UTF-8"?>
<!-- Generated by org.testng.reporters.JUnitXMLReporter -->
<testsuite ignored="0" hostname="VNSGNVELA033" failures="1" tests="100" name="Command line test" time="18.013" errors="0" timestamp="2024-12-27T17:41:37 ICT">
  <testcase classname="TestCase.CostingSupplierPortal.BLCTest" name="@BeforeMethod Setup" time="4.385">
    <failure type="org.openqa.selenium.NoSuchWindowException" message="no such window: target window already closed
from unknown error: web view not found
  (Session info: chrome=131.0.6778.205)
Build info: version: &amp;apos;4.24.0&amp;apos;, revision: &amp;apos;748ffc9bc3&amp;apos;
System info: os.name: &amp;apos;Windows 10&amp;apos;, os.arch: &amp;apos;amd64&amp;apos;, os.version: &amp;apos;10.0&amp;apos;, java.version: &amp;apos;17.0.12&amp;apos;
Driver info: org.openqa.selenium.chrome.ChromeDriver
Command: [6e1b7402a236140fd6b493890daf120a, findElement {using=id, value=username}]
Capabilities {acceptInsecureCerts: false, browserName: chrome, browserVersion: 131.0.6778.205, chrome: {chromedriverVersion: 131.0.6778.204 (52183f9e99a..., userDataDir: C:\Users\VELA~1.OS0\AppData...}, fedcm:accounts: true, goog:chromeOptions: {debuggerAddress: localhost:55106}, networkConnectionEnabled: false, pageLoadStrategy: normal, platformName: windows, proxy: Proxy(), se:cdp: ws://localhost:55106/devtoo..., se:cdpVersion: 131.0.6778.205, setWindowRect: true, strictFileInteractability: false, timeouts: {implicit: 0, pageLoad: 300000, script: 30000}, unhandledPromptBehavior: dismiss and notify, webauthn:extension:credBlob: true, webauthn:extension:largeBlob: true, webauthn:extension:minPinLength: true, webauthn:extension:prf: true, webauthn:virtualAuthenticators: true}
Session ID: 6e1b7402a236140fd6b493890daf120a">
      <![CDATA[org.openqa.selenium.NoSuchWindowException: no such window: target window already closed
from unknown error: web view not found
  (Session info: chrome=131.0.6778.205)
Build info: version: '4.24.0', revision: '748ffc9bc3'
System info: os.name: 'Windows 10', os.arch: 'amd64', os.version: '10.0', java.version: '17.0.12'
Driver info: org.openqa.selenium.chrome.ChromeDriver
Command: [6e1b7402a236140fd6b493890daf120a, findElement {using=id, value=username}]
Capabilities {acceptInsecureCerts: false, browserName: chrome, browserVersion: 131.0.6778.205, chrome: {chromedriverVersion: 131.0.6778.204 (52183f9e99a..., userDataDir: C:\Users\VELA~1.OS0\AppData...}, fedcm:accounts: true, goog:chromeOptions: {debuggerAddress: localhost:55106}, networkConnectionEnabled: false, pageLoadStrategy: normal, platformName: windows, proxy: Proxy(), se:cdp: ws://localhost:55106/devtoo..., se:cdpVersion: 131.0.6778.205, setWindowRect: true, strictFileInteractability: false, timeouts: {implicit: 0, pageLoad: 300000, script: 30000}, unhandledPromptBehavior: dismiss and notify, webauthn:extension:credBlob: true, webauthn:extension:largeBlob: true, webauthn:extension:minPinLength: true, webauthn:extension:prf: true, webauthn:virtualAuthenticators: true}
Session ID: 6e1b7402a236140fd6b493890daf120a
at org.openqa.selenium.remote.ErrorCodec.decode(ErrorCodec.java:167)
at org.openqa.selenium.remote.codec.w3c.W3CHttpResponseCodec.decode(W3CHttpResponseCodec.java:138)
at org.openqa.selenium.remote.codec.w3c.W3CHttpResponseCodec.decode(W3CHttpResponseCodec.java:50)
at org.openqa.selenium.remote.HttpCommandExecutor.execute(HttpCommandExecutor.java:190)
at org.openqa.selenium.remote.service.DriverCommandExecutor.invokeExecute(DriverCommandExecutor.java:216)
at org.openqa.selenium.remote.service.DriverCommandExecutor.execute(DriverCommandExecutor.java:174)
at org.openqa.selenium.remote.RemoteWebDriver.execute(RemoteWebDriver.java:545)
at org.openqa.selenium.remote.ElementLocation$ElementFinder$2.findElement(ElementLocation.java:165)
at org.openqa.selenium.remote.ElementLocation.findElement(ElementLocation.java:66)
at org.openqa.selenium.remote.RemoteWebDriver.findElement(RemoteWebDriver.java:368)
at org.openqa.selenium.remote.RemoteWebDriver.findElement(RemoteWebDriver.java:362)
at TestCase.CostingSupplierPortal.LoginCostingSupplier.LoginSupplier(LoginCostingSupplier.java:22)
at TestCase.CostingSupplierPortal.BLCTest.Setup(BLCTest.java:21)
at java.base/java.util.ArrayList.forEach(ArrayList.java:1511)
at TestCase.CostingSupplierPortal.RunTestBLCMultiple.lambda$main$0(RunTestBLCMultiple.java:22)
at java.base/java.util.concurrent.Executors$RunnableAdapter.call(Executors.java:539)
at java.base/java.util.concurrent.FutureTask.run(FutureTask.java:264)
at java.base/java.util.concurrent.ThreadPoolExecutor.runWorker(ThreadPoolExecutor.java:1136)
at java.base/java.util.concurrent.ThreadPoolExecutor$Worker.run(ThreadPoolExecutor.java:635)
at java.base/java.lang.Thread.run(Thread.java:842)
... Removed 33 stack frames]]>
    </failure>
  </testcase> <!-- @BeforeMethod Setup -->
  <testcase classname="TestCase.CostingSupplierPortal.BLCTest" name="@BeforeMethod Setup" time="0.0">
    <skipped/>
  </testcase> <!-- @BeforeMethod Setup -->
  <testcase classname="TestCase.CostingSupplierPortal.BLCTest" name="@BeforeMethod Setup" time="0.0">
    <skipped/>
  </testcase> <!-- @BeforeMethod Setup -->
  <testcase classname="TestCase.CostingSupplierPortal.BLCTest" name="@BeforeMethod Setup" time="0.0">
    <skipped/>
  </testcase> <!-- @BeforeMethod Setup -->
  <testcase classname="TestCase.CostingSupplierPortal.BLCTest" name="@BeforeMethod Setup" time="0.0">
    <skipped/>
  </testcase> <!-- @BeforeMethod Setup -->
  <testcase classname="TestCase.CostingSupplierPortal.BLCTest" name="@BeforeMethod Setup" time="0.0">
    <skipped/>
  </testcase> <!-- @BeforeMethod Setup -->
  <testcase classname="TestCase.CostingSupplierPortal.BLCTest" name="@BeforeMethod Setup" time="0.0">
    <skipped/>
  </testcase> <!-- @BeforeMethod Setup -->
  <testcase classname="TestCase.CostingSupplierPortal.BLCTest" name="@BeforeMethod Setup" time="0.0">
    <skipped/>
  </testcase> <!-- @BeforeMethod Setup -->
  <testcase classname="TestCase.CostingSupplierPortal.BLCTest" name="@BeforeMethod Setup" time="0.0">
    <skipped/>
  </testcase> <!-- @BeforeMethod Setup -->
  <testcase classname="TestCase.CostingSupplierPortal.BLCTest" name="@BeforeMethod Setup" time="0.0">
    <skipped/>
  </testcase> <!-- @BeforeMethod Setup -->
  <testcase classname="TestCase.CostingSupplierPortal.BLCTest" name="@BeforeMethod Setup" time="0.0">
    <skipped/>
  </testcase> <!-- @BeforeMethod Setup -->
  <testcase classname="TestCase.CostingSupplierPortal.BLCTest" name="@BeforeMethod Setup" time="0.0">
    <skipped/>
  </testcase> <!-- @BeforeMethod Setup -->
  <testcase classname="TestCase.CostingSupplierPortal.BLCTest" name="@BeforeMethod Setup" time="0.0">
    <skipped/>
  </testcase> <!-- @BeforeMethod Setup -->
  <testcase classname="TestCase.CostingSupplierPortal.BLCTest" name="@BeforeMethod Setup" time="0.0">
    <skipped/>
  </testcase> <!-- @BeforeMethod Setup -->
  <testcase classname="TestCase.CostingSupplierPortal.BLCTest" name="@BeforeMethod Setup" time="0.0">
    <skipped/>
  </testcase> <!-- @BeforeMethod Setup -->
  <testcase classname="TestCase.CostingSupplierPortal.BLCTest" name="@BeforeMethod Setup" time="0.0">
    <skipped/>
  </testcase> <!-- @BeforeMethod Setup -->
  <testcase classname="TestCase.CostingSupplierPortal.BLCTest" name="@BeforeMethod Setup" time="0.0">
    <skipped/>
  </testcase> <!-- @BeforeMethod Setup -->
  <testcase classname="TestCase.CostingSupplierPortal.BLCTest" name="@BeforeMethod Setup" time="0.0">
    <skipped/>
  </testcase> <!-- @BeforeMethod Setup -->
  <testcase classname="TestCase.CostingSupplierPortal.BLCTest" name="@BeforeMethod Setup" time="0.0">
    <skipped/>
  </testcase> <!-- @BeforeMethod Setup -->
  <testcase classname="TestCase.CostingSupplierPortal.BLCTest" name="@BeforeMethod Setup" time="0.0">
    <skipped/>
  </testcase> <!-- @BeforeMethod Setup -->
  <testcase classname="TestCase.CostingSupplierPortal.BLCTest" name="@BeforeMethod Setup" time="0.0">
    <skipped/>
  </testcase> <!-- @BeforeMethod Setup -->
  <testcase classname="TestCase.CostingSupplierPortal.BLCTest" name="@BeforeMethod Setup" time="0.0">
    <skipped/>
  </testcase> <!-- @BeforeMethod Setup -->
  <testcase classname="TestCase.CostingSupplierPortal.BLCTest" name="@BeforeMethod Setup" time="0.0">
    <skipped/>
  </testcase> <!-- @BeforeMethod Setup -->
  <testcase classname="TestCase.CostingSupplierPortal.BLCTest" name="@BeforeMethod Setup" time="0.0">
    <skipped/>
  </testcase> <!-- @BeforeMethod Setup -->
  <testcase classname="TestCase.CostingSupplierPortal.BLCTest" name="@BeforeMethod Setup" time="0.0">
    <skipped/>
  </testcase> <!-- @BeforeMethod Setup -->
  <testcase classname="TestCase.CostingSupplierPortal.BLCTest" name="@BeforeMethod Setup" time="0.0">
    <skipped/>
  </testcase> <!-- @BeforeMethod Setup -->
  <testcase classname="TestCase.CostingSupplierPortal.BLCTest" name="@BeforeMethod Setup" time="0.0">
    <skipped/>
  </testcase> <!-- @BeforeMethod Setup -->
  <testcase classname="TestCase.CostingSupplierPortal.BLCTest" name="@BeforeMethod Setup" time="0.0">
    <skipped/>
  </testcase> <!-- @BeforeMethod Setup -->
  <testcase classname="TestCase.CostingSupplierPortal.BLCTest" name="@BeforeMethod Setup" time="0.0">
    <skipped/>
  </testcase> <!-- @BeforeMethod Setup -->
  <testcase classname="TestCase.CostingSupplierPortal.BLCTest" name="@BeforeMethod Setup" time="0.0">
    <skipped/>
  </testcase> <!-- @BeforeMethod Setup -->
  <testcase classname="TestCase.CostingSupplierPortal.BLCTest" name="@BeforeMethod Setup" time="0.0">
    <skipped/>
  </testcase> <!-- @BeforeMethod Setup -->
  <testcase classname="TestCase.CostingSupplierPortal.BLCTest" name="@BeforeMethod Setup" time="0.0">
    <skipped/>
  </testcase> <!-- @BeforeMethod Setup -->
  <testcase classname="TestCase.CostingSupplierPortal.BLCTest" name="@BeforeMethod Setup" time="0.0">
    <skipped/>
  </testcase> <!-- @BeforeMethod Setup -->
  <testcase classname="TestCase.CostingSupplierPortal.BLCTest" name="@BeforeMethod Setup" time="0.0">
    <skipped/>
  </testcase> <!-- @BeforeMethod Setup -->
  <testcase classname="TestCase.CostingSupplierPortal.BLCTest" name="@BeforeMethod Setup" time="0.0">
    <skipped/>
  </testcase> <!-- @BeforeMethod Setup -->
  <testcase classname="TestCase.CostingSupplierPortal.BLCTest" name="@BeforeMethod Setup" time="0.0">
    <skipped/>
  </testcase> <!-- @BeforeMethod Setup -->
  <testcase classname="TestCase.CostingSupplierPortal.BLCTest" name="@BeforeMethod Setup" time="0.0">
    <skipped/>
  </testcase> <!-- @BeforeMethod Setup -->
  <testcase classname="TestCase.CostingSupplierPortal.BLCTest" name="@BeforeMethod Setup" time="0.0">
    <skipped/>
  </testcase> <!-- @BeforeMethod Setup -->
  <testcase classname="TestCase.CostingSupplierPortal.BLCTest" name="@BeforeMethod Setup" time="0.0">
    <skipped/>
  </testcase> <!-- @BeforeMethod Setup -->
  <testcase classname="TestCase.CostingSupplierPortal.BLCTest" name="@BeforeMethod Setup" time="0.0">
    <skipped/>
  </testcase> <!-- @BeforeMethod Setup -->
  <testcase classname="TestCase.CostingSupplierPortal.BLCTest" name="@BeforeMethod Setup" time="0.0">
    <skipped/>
  </testcase> <!-- @BeforeMethod Setup -->
  <testcase classname="TestCase.CostingSupplierPortal.BLCTest" name="@BeforeMethod Setup" time="0.0">
    <skipped/>
  </testcase> <!-- @BeforeMethod Setup -->
  <testcase classname="TestCase.CostingSupplierPortal.BLCTest" name="@BeforeMethod Setup" time="0.0">
    <skipped/>
  </testcase> <!-- @BeforeMethod Setup -->
  <testcase classname="TestCase.CostingSupplierPortal.BLCTest" name="@BeforeMethod Setup" time="0.0">
    <skipped/>
  </testcase> <!-- @BeforeMethod Setup -->
  <testcase classname="TestCase.CostingSupplierPortal.BLCTest" name="@BeforeMethod Setup" time="0.0">
    <skipped/>
  </testcase> <!-- @BeforeMethod Setup -->
  <testcase classname="TestCase.CostingSupplierPortal.BLCTest" name="@BeforeMethod Setup" time="0.0">
    <skipped/>
  </testcase> <!-- @BeforeMethod Setup -->
  <testcase classname="TestCase.CostingSupplierPortal.BLCTest" name="@BeforeMethod Setup" time="0.0">
    <skipped/>
  </testcase> <!-- @BeforeMethod Setup -->
  <testcase classname="TestCase.CostingSupplierPortal.BLCTest" name="@BeforeMethod Setup" time="0.0">
    <skipped/>
  </testcase> <!-- @BeforeMethod Setup -->
  <testcase classname="TestCase.CostingSupplierPortal.BLCTest" name="@BeforeMethod Setup" time="0.0">
    <skipped/>
  </testcase> <!-- @BeforeMethod Setup -->
  <testcase classname="TestCase.CostingSupplierPortal.BLCTest" name="@BeforeMethod Setup" time="0.0">
    <skipped/>
  </testcase> <!-- @BeforeMethod Setup -->
  <testcase classname="TestCase.CostingSupplierPortal.BLCTest" name="@BeforeMethod Setup" time="0.0">
    <skipped/>
  </testcase> <!-- @BeforeMethod Setup -->
  <testcase classname="TestCase.CostingSupplierPortal.BLCTest" name="@BeforeMethod Setup" time="0.0">
    <skipped/>
  </testcase> <!-- @BeforeMethod Setup -->
  <testcase classname="TestCase.CostingSupplierPortal.BLCTest" name="@BeforeMethod Setup" time="0.0">
    <skipped/>
  </testcase> <!-- @BeforeMethod Setup -->
  <testcase classname="TestCase.CostingSupplierPortal.BLCTest" name="@BeforeMethod Setup" time="0.0">
    <skipped/>
  </testcase> <!-- @BeforeMethod Setup -->
  <testcase classname="TestCase.CostingSupplierPortal.BLCTest" name="@BeforeMethod Setup" time="0.0">
    <skipped/>
  </testcase> <!-- @BeforeMethod Setup -->
  <testcase classname="TestCase.CostingSupplierPortal.BLCTest" name="@BeforeMethod Setup" time="0.0">
    <skipped/>
  </testcase> <!-- @BeforeMethod Setup -->
  <testcase classname="TestCase.CostingSupplierPortal.BLCTest" name="@BeforeMethod Setup" time="0.0">
    <skipped/>
  </testcase> <!-- @BeforeMethod Setup -->
  <testcase classname="TestCase.CostingSupplierPortal.BLCTest" name="@BeforeMethod Setup" time="0.0">
    <skipped/>
  </testcase> <!-- @BeforeMethod Setup -->
  <testcase classname="TestCase.CostingSupplierPortal.BLCTest" name="@BeforeMethod Setup" time="0.0">
    <skipped/>
  </testcase> <!-- @BeforeMethod Setup -->
  <testcase classname="TestCase.CostingSupplierPortal.BLCTest" name="@BeforeMethod Setup" time="0.0">
    <skipped/>
  </testcase> <!-- @BeforeMethod Setup -->
  <testcase classname="TestCase.CostingSupplierPortal.BLCTest" name="@BeforeMethod Setup" time="0.0">
    <skipped/>
  </testcase> <!-- @BeforeMethod Setup -->
  <testcase classname="TestCase.CostingSupplierPortal.BLCTest" name="@BeforeMethod Setup" time="0.0">
    <skipped/>
  </testcase> <!-- @BeforeMethod Setup -->
  <testcase classname="TestCase.CostingSupplierPortal.BLCTest" name="@BeforeMethod Setup" time="0.0">
    <skipped/>
  </testcase> <!-- @BeforeMethod Setup -->
  <testcase classname="TestCase.CostingSupplierPortal.BLCTest" name="@BeforeMethod Setup" time="0.0">
    <skipped/>
  </testcase> <!-- @BeforeMethod Setup -->
  <testcase classname="TestCase.CostingSupplierPortal.BLCTest" name="@BeforeMethod Setup" time="0.0">
    <skipped/>
  </testcase> <!-- @BeforeMethod Setup -->
  <testcase classname="TestCase.CostingSupplierPortal.BLCTest" name="@BeforeMethod Setup" time="0.0">
    <skipped/>
  </testcase> <!-- @BeforeMethod Setup -->
  <testcase classname="TestCase.CostingSupplierPortal.BLCTest" name="@BeforeMethod Setup" time="0.0">
    <skipped/>
  </testcase> <!-- @BeforeMethod Setup -->
  <testcase classname="TestCase.CostingSupplierPortal.BLCTest" name="@BeforeMethod Setup" time="0.0">
    <skipped/>
  </testcase> <!-- @BeforeMethod Setup -->
  <testcase classname="TestCase.CostingSupplierPortal.BLCTest" name="@BeforeMethod Setup" time="0.0">
    <skipped/>
  </testcase> <!-- @BeforeMethod Setup -->
  <testcase classname="TestCase.CostingSupplierPortal.BLCTest" name="@BeforeMethod Setup" time="0.0">
    <skipped/>
  </testcase> <!-- @BeforeMethod Setup -->
  <testcase classname="TestCase.CostingSupplierPortal.BLCTest" name="@BeforeMethod Setup" time="0.0">
    <skipped/>
  </testcase> <!-- @BeforeMethod Setup -->
  <testcase classname="TestCase.CostingSupplierPortal.BLCTest" name="@BeforeMethod Setup" time="0.0">
    <skipped/>
  </testcase> <!-- @BeforeMethod Setup -->
  <testcase classname="TestCase.CostingSupplierPortal.BLCTest" name="@BeforeMethod Setup" time="0.0">
    <skipped/>
  </testcase> <!-- @BeforeMethod Setup -->
  <testcase classname="TestCase.CostingSupplierPortal.BLCTest" name="@BeforeMethod Setup" time="0.0">
    <skipped/>
  </testcase> <!-- @BeforeMethod Setup -->
  <testcase classname="TestCase.CostingSupplierPortal.BLCTest" name="@BeforeMethod Setup" time="0.0">
    <skipped/>
  </testcase> <!-- @BeforeMethod Setup -->
  <testcase classname="TestCase.CostingSupplierPortal.BLCTest" name="@BeforeMethod Setup" time="0.0">
    <skipped/>
  </testcase> <!-- @BeforeMethod Setup -->
  <testcase classname="TestCase.CostingSupplierPortal.BLCTest" name="@BeforeMethod Setup" time="0.0">
    <skipped/>
  </testcase> <!-- @BeforeMethod Setup -->
  <testcase classname="TestCase.CostingSupplierPortal.BLCTest" name="@BeforeMethod Setup" time="0.0">
    <skipped/>
  </testcase> <!-- @BeforeMethod Setup -->
  <testcase classname="TestCase.CostingSupplierPortal.BLCTest" name="@BeforeMethod Setup" time="0.0">
    <skipped/>
  </testcase> <!-- @BeforeMethod Setup -->
  <testcase classname="TestCase.CostingSupplierPortal.BLCTest" name="@BeforeMethod Setup" time="0.0">
    <skipped/>
  </testcase> <!-- @BeforeMethod Setup -->
  <testcase classname="TestCase.CostingSupplierPortal.BLCTest" name="@BeforeMethod Setup" time="0.0">
    <skipped/>
  </testcase> <!-- @BeforeMethod Setup -->
  <testcase classname="TestCase.CostingSupplierPortal.BLCTest" name="@BeforeMethod Setup" time="0.0">
    <skipped/>
  </testcase> <!-- @BeforeMethod Setup -->
  <testcase classname="TestCase.CostingSupplierPortal.BLCTest" name="@BeforeMethod Setup" time="0.0">
    <skipped/>
  </testcase> <!-- @BeforeMethod Setup -->
  <testcase classname="TestCase.CostingSupplierPortal.BLCTest" name="@BeforeMethod Setup" time="0.0">
    <skipped/>
  </testcase> <!-- @BeforeMethod Setup -->
  <testcase classname="TestCase.CostingSupplierPortal.BLCTest" name="@BeforeMethod Setup" time="0.0">
    <skipped/>
  </testcase> <!-- @BeforeMethod Setup -->
  <testcase classname="TestCase.CostingSupplierPortal.BLCTest" name="@BeforeMethod Setup" time="0.0">
    <skipped/>
  </testcase> <!-- @BeforeMethod Setup -->
  <testcase classname="TestCase.CostingSupplierPortal.BLCTest" name="@BeforeMethod Setup" time="0.0">
    <skipped/>
  </testcase> <!-- @BeforeMethod Setup -->
  <testcase classname="TestCase.CostingSupplierPortal.BLCTest" name="@BeforeMethod Setup" time="0.0">
    <skipped/>
  </testcase> <!-- @BeforeMethod Setup -->
  <testcase classname="TestCase.CostingSupplierPortal.BLCTest" name="@BeforeMethod Setup" time="0.0">
    <skipped/>
  </testcase> <!-- @BeforeMethod Setup -->
  <testcase classname="TestCase.CostingSupplierPortal.BLCTest" name="@BeforeMethod Setup" time="0.0">
    <skipped/>
  </testcase> <!-- @BeforeMethod Setup -->
  <testcase classname="TestCase.CostingSupplierPortal.BLCTest" name="@BeforeMethod Setup" time="0.0">
    <skipped/>
  </testcase> <!-- @BeforeMethod Setup -->
  <testcase classname="TestCase.CostingSupplierPortal.BLCTest" name="@BeforeMethod Setup" time="0.0">
    <skipped/>
  </testcase> <!-- @BeforeMethod Setup -->
  <testcase classname="TestCase.CostingSupplierPortal.BLCTest" name="@BeforeMethod Setup" time="0.0">
    <skipped/>
  </testcase> <!-- @BeforeMethod Setup -->
  <testcase classname="TestCase.CostingSupplierPortal.BLCTest" name="@BeforeMethod Setup" time="0.0">
    <skipped/>
  </testcase> <!-- @BeforeMethod Setup -->
  <testcase classname="TestCase.CostingSupplierPortal.BLCTest" name="@BeforeMethod Setup" time="0.0">
    <skipped/>
  </testcase> <!-- @BeforeMethod Setup -->
  <testcase classname="TestCase.CostingSupplierPortal.BLCTest" name="@BeforeMethod Setup" time="0.0">
    <skipped/>
  </testcase> <!-- @BeforeMethod Setup -->
  <testcase classname="TestCase.CostingSupplierPortal.BLCTest" name="@BeforeMethod Setup" time="0.0">
    <skipped/>
  </testcase> <!-- @BeforeMethod Setup -->
  <testcase classname="TestCase.CostingSupplierPortal.BLCTest" name="@BeforeMethod Setup" time="0.0">
    <skipped/>
  </testcase> <!-- @BeforeMethod Setup -->
  <testcase classname="TestCase.CostingSupplierPortal.BLCTest" name="@BeforeMethod Setup" time="0.0">
    <skipped/>
  </testcase> <!-- @BeforeMethod Setup -->
  <testcase classname="TestCase.CostingSupplierPortal.BLCTest" name="BLCDTCosting" time="0.021">
    <failure type="org.openqa.selenium.NoSuchElementException" message="no such element: Unable to locate element: {&amp;quot;method&amp;quot;:&amp;quot;xpath&amp;quot;,&amp;quot;selector&amp;quot;:&amp;quot;(//span[@class=&amp;apos;ng-star-inserted&amp;apos;])[2]&amp;quot;}
  (Session info: chrome=131.0.6778.205)
For documentation on this error, please visit: https://www.selenium.dev/documentation/webdriver/troubleshooting/errors#no-such-element-exception
Build info: version: &amp;apos;4.24.0&amp;apos;, revision: &amp;apos;748ffc9bc3&amp;apos;
System info: os.name: &amp;apos;Windows 10&amp;apos;, os.arch: &amp;apos;amd64&amp;apos;, os.version: &amp;apos;10.0&amp;apos;, java.version: &amp;apos;17.0.12&amp;apos;
Driver info: org.openqa.selenium.chrome.ChromeDriver
Command: [9175d3f4f1578e0f64ec63fcdc49c698, findElement {using=xpath, value=(//span[@class=&amp;apos;ng-star-inserted&amp;apos;])[2]}]
Capabilities {acceptInsecureCerts: false, browserName: chrome, browserVersion: 131.0.6778.205, chrome: {chromedriverVersion: 131.0.6778.204 (52183f9e99a..., userDataDir: C:\Users\VELA~1.OS0\AppData...}, fedcm:accounts: true, goog:chromeOptions: {debuggerAddress: localhost:55061}, networkConnectionEnabled: false, pageLoadStrategy: normal, platformName: windows, proxy: Proxy(), se:cdp: ws://localhost:55061/devtoo..., se:cdpVersion: 131.0.6778.205, setWindowRect: true, strictFileInteractability: false, timeouts: {implicit: 0, pageLoad: 300000, script: 30000}, unhandledPromptBehavior: dismiss and notify, webauthn:extension:credBlob: true, webauthn:extension:largeBlob: true, webauthn:extension:minPinLength: true, webauthn:extension:prf: true, webauthn:virtualAuthenticators: true}
Session ID: 9175d3f4f1578e0f64ec63fcdc49c698">
      <![CDATA[org.openqa.selenium.NoSuchElementException: no such element: Unable to locate element: {"method":"xpath","selector":"(//span[@class='ng-star-inserted'])[2]"}
  (Session info: chrome=131.0.6778.205)
For documentation on this error, please visit: https://www.selenium.dev/documentation/webdriver/troubleshooting/errors#no-such-element-exception
Build info: version: '4.24.0', revision: '748ffc9bc3'
System info: os.name: 'Windows 10', os.arch: 'amd64', os.version: '10.0', java.version: '17.0.12'
Driver info: org.openqa.selenium.chrome.ChromeDriver
Command: [9175d3f4f1578e0f64ec63fcdc49c698, findElement {using=xpath, value=(//span[@class='ng-star-inserted'])[2]}]
Capabilities {acceptInsecureCerts: false, browserName: chrome, browserVersion: 131.0.6778.205, chrome: {chromedriverVersion: 131.0.6778.204 (52183f9e99a..., userDataDir: C:\Users\VELA~1.OS0\AppData...}, fedcm:accounts: true, goog:chromeOptions: {debuggerAddress: localhost:55061}, networkConnectionEnabled: false, pageLoadStrategy: normal, platformName: windows, proxy: Proxy(), se:cdp: ws://localhost:55061/devtoo..., se:cdpVersion: 131.0.6778.205, setWindowRect: true, strictFileInteractability: false, timeouts: {implicit: 0, pageLoad: 300000, script: 30000}, unhandledPromptBehavior: dismiss and notify, webauthn:extension:credBlob: true, webauthn:extension:largeBlob: true, webauthn:extension:minPinLength: true, webauthn:extension:prf: true, webauthn:virtualAuthenticators: true}
Session ID: 9175d3f4f1578e0f64ec63fcdc49c698
at org.openqa.selenium.remote.ErrorCodec.decode(ErrorCodec.java:167)
at org.openqa.selenium.remote.codec.w3c.W3CHttpResponseCodec.decode(W3CHttpResponseCodec.java:138)
at org.openqa.selenium.remote.codec.w3c.W3CHttpResponseCodec.decode(W3CHttpResponseCodec.java:50)
at org.openqa.selenium.remote.HttpCommandExecutor.execute(HttpCommandExecutor.java:190)
at org.openqa.selenium.remote.service.DriverCommandExecutor.invokeExecute(DriverCommandExecutor.java:216)
at org.openqa.selenium.remote.service.DriverCommandExecutor.execute(DriverCommandExecutor.java:174)
at org.openqa.selenium.remote.RemoteWebDriver.execute(RemoteWebDriver.java:545)
at org.openqa.selenium.remote.ElementLocation$ElementFinder$2.findElement(ElementLocation.java:165)
at org.openqa.selenium.remote.ElementLocation.findElement(ElementLocation.java:59)
at org.openqa.selenium.remote.RemoteWebDriver.findElement(RemoteWebDriver.java:368)
at org.openqa.selenium.remote.RemoteWebDriver.findElement(RemoteWebDriver.java:362)
at org.openqa.selenium.support.pagefactory.DefaultElementLocator.findElement(DefaultElementLocator.java:68)
at org.openqa.selenium.support.pagefactory.internal.LocatingElementHandler.invoke(LocatingElementHandler.java:38)
at jdk.proxy2/jdk.proxy2.$Proxy12.click(Unknown Source)
at TestCase.CostingSupplierPortal.BLCLocator.Create_Costing_Button(BLCLocator.java:41)
at TestCase.CostingSupplierPortal.BLCTest.BLCDTCosting(BLCTest.java:26)
at java.base/java.util.ArrayList.forEach(ArrayList.java:1511)
at TestCase.CostingSupplierPortal.RunTestBLCMultiple.lambda$main$0(RunTestBLCMultiple.java:22)
at java.base/java.util.concurrent.Executors$RunnableAdapter.call(Executors.java:539)
at java.base/java.util.concurrent.FutureTask.run(FutureTask.java:264)
at java.base/java.util.concurrent.ThreadPoolExecutor.runWorker(ThreadPoolExecutor.java:1136)
at java.base/java.util.concurrent.ThreadPoolExecutor$Worker.run(ThreadPoolExecutor.java:635)
at java.base/java.lang.Thread.run(Thread.java:842)
... Removed 29 stack frames]]>
    </failure>
  </testcase> <!-- BLCDTCosting -->
  <testcase classname="TestCase.CostingSupplierPortal.BLCTest" name="BLCDTCosting" time="0.0">
    <skipped/>
  </testcase> <!-- BLCDTCosting -->
  <testcase classname="TestCase.CostingSupplierPortal.BLCTest" name="BLCDTCosting" time="0.0">
    <skipped/>
  </testcase> <!-- BLCDTCosting -->
  <testcase classname="TestCase.CostingSupplierPortal.BLCTest" name="BLCDTCosting" time="0.0">
    <skipped/>
  </testcase> <!-- BLCDTCosting -->
  <testcase classname="TestCase.CostingSupplierPortal.BLCTest" name="BLCDTCosting" time="0.0">
    <skipped/>
  </testcase> <!-- BLCDTCosting -->
  <testcase classname="TestCase.CostingSupplierPortal.BLCTest" name="BLCDTCosting" time="0.0">
    <skipped/>
  </testcase> <!-- BLCDTCosting -->
  <testcase classname="TestCase.CostingSupplierPortal.BLCTest" name="BLCDTCosting" time="0.0">
    <skipped/>
  </testcase> <!-- BLCDTCosting -->
  <testcase classname="TestCase.CostingSupplierPortal.BLCTest" name="BLCDTCosting" time="0.0">
    <skipped/>
  </testcase> <!-- BLCDTCosting -->
  <testcase classname="TestCase.CostingSupplierPortal.BLCTest" name="BLCDTCosting" time="0.0">
    <skipped/>
  </testcase> <!-- BLCDTCosting -->
  <testcase classname="TestCase.CostingSupplierPortal.BLCTest" name="BLCDTCosting" time="0.0">
    <skipped/>
  </testcase> <!-- BLCDTCosting -->
  <testcase classname="TestCase.CostingSupplierPortal.BLCTest" name="BLCDTCosting" time="0.0">
    <skipped/>
  </testcase> <!-- BLCDTCosting -->
  <testcase classname="TestCase.CostingSupplierPortal.BLCTest" name="BLCDTCosting" time="0.0">
    <skipped/>
  </testcase> <!-- BLCDTCosting -->
  <testcase classname="TestCase.CostingSupplierPortal.BLCTest" name="BLCDTCosting" time="0.0">
    <skipped/>
  </testcase> <!-- BLCDTCosting -->
  <testcase classname="TestCase.CostingSupplierPortal.BLCTest" name="BLCDTCosting" time="0.0">
    <skipped/>
  </testcase> <!-- BLCDTCosting -->
  <testcase classname="TestCase.CostingSupplierPortal.BLCTest" name="BLCDTCosting" time="0.0">
    <skipped/>
  </testcase> <!-- BLCDTCosting -->
  <testcase classname="TestCase.CostingSupplierPortal.BLCTest" name="BLCDTCosting" time="0.0">
    <skipped/>
  </testcase> <!-- BLCDTCosting -->
  <testcase classname="TestCase.CostingSupplierPortal.BLCTest" name="BLCDTCosting" time="0.0">
    <skipped/>
  </testcase> <!-- BLCDTCosting -->
  <testcase classname="TestCase.CostingSupplierPortal.BLCTest" name="BLCDTCosting" time="0.0">
    <skipped/>
  </testcase> <!-- BLCDTCosting -->
  <testcase classname="TestCase.CostingSupplierPortal.BLCTest" name="BLCDTCosting" time="0.0">
    <skipped/>
  </testcase> <!-- BLCDTCosting -->
  <testcase classname="TestCase.CostingSupplierPortal.BLCTest" name="BLCDTCosting" time="0.0">
    <skipped/>
  </testcase> <!-- BLCDTCosting -->
  <testcase classname="TestCase.CostingSupplierPortal.BLCTest" name="BLCDTCosting" time="0.0">
    <skipped/>
  </testcase> <!-- BLCDTCosting -->
  <testcase classname="TestCase.CostingSupplierPortal.BLCTest" name="BLCDTCosting" time="0.0">
    <skipped/>
  </testcase> <!-- BLCDTCosting -->
  <testcase classname="TestCase.CostingSupplierPortal.BLCTest" name="BLCDTCosting" time="0.0">
    <skipped/>
  </testcase> <!-- BLCDTCosting -->
  <testcase classname="TestCase.CostingSupplierPortal.BLCTest" name="BLCDTCosting" time="0.0">
    <skipped/>
  </testcase> <!-- BLCDTCosting -->
  <testcase classname="TestCase.CostingSupplierPortal.BLCTest" name="BLCDTCosting" time="0.0">
    <skipped/>
  </testcase> <!-- BLCDTCosting -->
  <testcase classname="TestCase.CostingSupplierPortal.BLCTest" name="BLCDTCosting" time="0.0">
    <skipped/>
  </testcase> <!-- BLCDTCosting -->
  <testcase classname="TestCase.CostingSupplierPortal.BLCTest" name="BLCDTCosting" time="0.0">
    <skipped/>
  </testcase> <!-- BLCDTCosting -->
  <testcase classname="TestCase.CostingSupplierPortal.BLCTest" name="BLCDTCosting" time="0.0">
    <skipped/>
  </testcase> <!-- BLCDTCosting -->
  <testcase classname="TestCase.CostingSupplierPortal.BLCTest" name="BLCDTCosting" time="0.0">
    <skipped/>
  </testcase> <!-- BLCDTCosting -->
  <testcase classname="TestCase.CostingSupplierPortal.BLCTest" name="BLCDTCosting" time="0.0">
    <skipped/>
  </testcase> <!-- BLCDTCosting -->
  <testcase classname="TestCase.CostingSupplierPortal.BLCTest" name="BLCDTCosting" time="0.0">
    <skipped/>
  </testcase> <!-- BLCDTCosting -->
  <testcase classname="TestCase.CostingSupplierPortal.BLCTest" name="BLCDTCosting" time="0.0">
    <skipped/>
  </testcase> <!-- BLCDTCosting -->
  <testcase classname="TestCase.CostingSupplierPortal.BLCTest" name="BLCDTCosting" time="0.0">
    <skipped/>
  </testcase> <!-- BLCDTCosting -->
  <testcase classname="TestCase.CostingSupplierPortal.BLCTest" name="BLCDTCosting" time="0.0">
    <skipped/>
  </testcase> <!-- BLCDTCosting -->
  <testcase classname="TestCase.CostingSupplierPortal.BLCTest" name="BLCDTCosting" time="0.0">
    <skipped/>
  </testcase> <!-- BLCDTCosting -->
  <testcase classname="TestCase.CostingSupplierPortal.BLCTest" name="BLCDTCosting" time="0.0">
    <skipped/>
  </testcase> <!-- BLCDTCosting -->
  <testcase classname="TestCase.CostingSupplierPortal.BLCTest" name="BLCDTCosting" time="0.0">
    <skipped/>
  </testcase> <!-- BLCDTCosting -->
  <testcase classname="TestCase.CostingSupplierPortal.BLCTest" name="BLCDTCosting" time="0.0">
    <skipped/>
  </testcase> <!-- BLCDTCosting -->
  <testcase classname="TestCase.CostingSupplierPortal.BLCTest" name="BLCDTCosting" time="0.0">
    <skipped/>
  </testcase> <!-- BLCDTCosting -->
  <testcase classname="TestCase.CostingSupplierPortal.BLCTest" name="BLCDTCosting" time="0.0">
    <skipped/>
  </testcase> <!-- BLCDTCosting -->
  <testcase classname="TestCase.CostingSupplierPortal.BLCTest" name="BLCDTCosting" time="0.0">
    <skipped/>
  </testcase> <!-- BLCDTCosting -->
  <testcase classname="TestCase.CostingSupplierPortal.BLCTest" name="BLCDTCosting" time="0.0">
    <skipped/>
  </testcase> <!-- BLCDTCosting -->
  <testcase classname="TestCase.CostingSupplierPortal.BLCTest" name="BLCDTCosting" time="0.0">
    <skipped/>
  </testcase> <!-- BLCDTCosting -->
  <testcase classname="TestCase.CostingSupplierPortal.BLCTest" name="BLCDTCosting" time="0.0">
    <skipped/>
  </testcase> <!-- BLCDTCosting -->
  <testcase classname="TestCase.CostingSupplierPortal.BLCTest" name="BLCDTCosting" time="0.0">
    <skipped/>
  </testcase> <!-- BLCDTCosting -->
  <testcase classname="TestCase.CostingSupplierPortal.BLCTest" name="BLCDTCosting" time="0.0">
    <skipped/>
  </testcase> <!-- BLCDTCosting -->
  <testcase classname="TestCase.CostingSupplierPortal.BLCTest" name="BLCDTCosting" time="0.0">
    <skipped/>
  </testcase> <!-- BLCDTCosting -->
  <testcase classname="TestCase.CostingSupplierPortal.BLCTest" name="BLCDTCosting" time="0.0">
    <skipped/>
  </testcase> <!-- BLCDTCosting -->
  <testcase classname="TestCase.CostingSupplierPortal.BLCTest" name="BLCDTCosting" time="0.0">
    <skipped/>
  </testcase> <!-- BLCDTCosting -->
  <testcase classname="TestCase.CostingSupplierPortal.BLCTest" name="BLCDTCosting" time="0.0">
    <skipped/>
  </testcase> <!-- BLCDTCosting -->
  <testcase classname="TestCase.CostingSupplierPortal.BLCTest" name="BLCDTCosting" time="0.0">
    <skipped/>
  </testcase> <!-- BLCDTCosting -->
  <testcase classname="TestCase.CostingSupplierPortal.BLCTest" name="BLCDTCosting" time="0.0">
    <skipped/>
  </testcase> <!-- BLCDTCosting -->
  <testcase classname="TestCase.CostingSupplierPortal.BLCTest" name="BLCDTCosting" time="0.0">
    <skipped/>
  </testcase> <!-- BLCDTCosting -->
  <testcase classname="TestCase.CostingSupplierPortal.BLCTest" name="BLCDTCosting" time="0.0">
    <skipped/>
  </testcase> <!-- BLCDTCosting -->
  <testcase classname="TestCase.CostingSupplierPortal.BLCTest" name="BLCDTCosting" time="0.0">
    <skipped/>
  </testcase> <!-- BLCDTCosting -->
  <testcase classname="TestCase.CostingSupplierPortal.BLCTest" name="BLCDTCosting" time="0.0">
    <skipped/>
  </testcase> <!-- BLCDTCosting -->
  <testcase classname="TestCase.CostingSupplierPortal.BLCTest" name="BLCDTCosting" time="0.0">
    <skipped/>
  </testcase> <!-- BLCDTCosting -->
  <testcase classname="TestCase.CostingSupplierPortal.BLCTest" name="BLCDTCosting" time="0.0">
    <skipped/>
  </testcase> <!-- BLCDTCosting -->
  <testcase classname="TestCase.CostingSupplierPortal.BLCTest" name="BLCDTCosting" time="0.0">
    <skipped/>
  </testcase> <!-- BLCDTCosting -->
  <testcase classname="TestCase.CostingSupplierPortal.BLCTest" name="BLCDTCosting" time="0.0">
    <skipped/>
  </testcase> <!-- BLCDTCosting -->
  <testcase classname="TestCase.CostingSupplierPortal.BLCTest" name="BLCDTCosting" time="0.0">
    <skipped/>
  </testcase> <!-- BLCDTCosting -->
  <testcase classname="TestCase.CostingSupplierPortal.BLCTest" name="BLCDTCosting" time="0.0">
    <skipped/>
  </testcase> <!-- BLCDTCosting -->
  <testcase classname="TestCase.CostingSupplierPortal.BLCTest" name="BLCDTCosting" time="0.0">
    <skipped/>
  </testcase> <!-- BLCDTCosting -->
  <testcase classname="TestCase.CostingSupplierPortal.BLCTest" name="BLCDTCosting" time="0.0">
    <skipped/>
  </testcase> <!-- BLCDTCosting -->
  <testcase classname="TestCase.CostingSupplierPortal.BLCTest" name="BLCDTCosting" time="0.0">
    <skipped/>
  </testcase> <!-- BLCDTCosting -->
  <testcase classname="TestCase.CostingSupplierPortal.BLCTest" name="BLCDTCosting" time="0.0">
    <skipped/>
  </testcase> <!-- BLCDTCosting -->
  <testcase classname="TestCase.CostingSupplierPortal.BLCTest" name="BLCDTCosting" time="0.0">
    <skipped/>
  </testcase> <!-- BLCDTCosting -->
  <testcase classname="TestCase.CostingSupplierPortal.BLCTest" name="BLCDTCosting" time="0.0">
    <skipped/>
  </testcase> <!-- BLCDTCosting -->
  <testcase classname="TestCase.CostingSupplierPortal.BLCTest" name="BLCDTCosting" time="0.0">
    <skipped/>
  </testcase> <!-- BLCDTCosting -->
  <testcase classname="TestCase.CostingSupplierPortal.BLCTest" name="BLCDTCosting" time="0.0">
    <skipped/>
  </testcase> <!-- BLCDTCosting -->
  <testcase classname="TestCase.CostingSupplierPortal.BLCTest" name="BLCDTCosting" time="0.0">
    <skipped/>
  </testcase> <!-- BLCDTCosting -->
  <testcase classname="TestCase.CostingSupplierPortal.BLCTest" name="BLCDTCosting" time="0.0">
    <skipped/>
  </testcase> <!-- BLCDTCosting -->
  <testcase classname="TestCase.CostingSupplierPortal.BLCTest" name="BLCDTCosting" time="0.0">
    <skipped/>
  </testcase> <!-- BLCDTCosting -->
  <testcase classname="TestCase.CostingSupplierPortal.BLCTest" name="BLCDTCosting" time="0.0">
    <skipped/>
  </testcase> <!-- BLCDTCosting -->
  <testcase classname="TestCase.CostingSupplierPortal.BLCTest" name="BLCDTCosting" time="0.0">
    <skipped/>
  </testcase> <!-- BLCDTCosting -->
  <testcase classname="TestCase.CostingSupplierPortal.BLCTest" name="BLCDTCosting" time="0.0">
    <skipped/>
  </testcase> <!-- BLCDTCosting -->
  <testcase classname="TestCase.CostingSupplierPortal.BLCTest" name="BLCDTCosting" time="0.0">
    <skipped/>
  </testcase> <!-- BLCDTCosting -->
  <testcase classname="TestCase.CostingSupplierPortal.BLCTest" name="BLCDTCosting" time="0.0">
    <skipped/>
  </testcase> <!-- BLCDTCosting -->
  <testcase classname="TestCase.CostingSupplierPortal.BLCTest" name="BLCDTCosting" time="0.0">
    <skipped/>
  </testcase> <!-- BLCDTCosting -->
  <testcase classname="TestCase.CostingSupplierPortal.BLCTest" name="BLCDTCosting" time="0.0">
    <skipped/>
  </testcase> <!-- BLCDTCosting -->
  <testcase classname="TestCase.CostingSupplierPortal.BLCTest" name="BLCDTCosting" time="0.001">
    <skipped/>
  </testcase> <!-- BLCDTCosting -->
  <testcase classname="TestCase.CostingSupplierPortal.BLCTest" name="BLCDTCosting" time="0.0">
    <skipped/>
  </testcase> <!-- BLCDTCosting -->
  <testcase classname="TestCase.CostingSupplierPortal.BLCTest" name="BLCDTCosting" time="0.0">
    <skipped/>
  </testcase> <!-- BLCDTCosting -->
  <testcase classname="TestCase.CostingSupplierPortal.BLCTest" name="BLCDTCosting" time="0.0">
    <skipped/>
  </testcase> <!-- BLCDTCosting -->
  <testcase classname="TestCase.CostingSupplierPortal.BLCTest" name="BLCDTCosting" time="0.0">
    <skipped/>
  </testcase> <!-- BLCDTCosting -->
  <testcase classname="TestCase.CostingSupplierPortal.BLCTest" name="BLCDTCosting" time="0.0">
    <skipped/>
  </testcase> <!-- BLCDTCosting -->
  <testcase classname="TestCase.CostingSupplierPortal.BLCTest" name="BLCDTCosting" time="0.0">
    <skipped/>
  </testcase> <!-- BLCDTCosting -->
  <testcase classname="TestCase.CostingSupplierPortal.BLCTest" name="BLCDTCosting" time="0.0">
    <skipped/>
  </testcase> <!-- BLCDTCosting -->
  <testcase classname="TestCase.CostingSupplierPortal.BLCTest" name="BLCDTCosting" time="0.0">
    <skipped/>
  </testcase> <!-- BLCDTCosting -->
  <testcase classname="TestCase.CostingSupplierPortal.BLCTest" name="BLCDTCosting" time="0.0">
    <skipped/>
  </testcase> <!-- BLCDTCosting -->
  <testcase classname="TestCase.CostingSupplierPortal.BLCTest" name="BLCDTCosting" time="0.0">
    <skipped/>
  </testcase> <!-- BLCDTCosting -->
  <testcase classname="TestCase.CostingSupplierPortal.BLCTest" name="BLCDTCosting" time="0.0">
    <skipped/>
  </testcase> <!-- BLCDTCosting -->
  <testcase classname="TestCase.CostingSupplierPortal.BLCTest" name="BLCDTCosting" time="0.0">
    <skipped/>
  </testcase> <!-- BLCDTCosting -->
  <testcase classname="TestCase.CostingSupplierPortal.BLCTest" name="BLCDTCosting" time="0.0">
    <skipped/>
  </testcase> <!-- BLCDTCosting -->
  <testcase classname="TestCase.CostingSupplierPortal.BLCTest" name="BLCDTCosting" time="0.0">
    <skipped/>
  </testcase> <!-- BLCDTCosting -->
  <testcase classname="TestCase.CostingSupplierPortal.BLCTest" name="BLCDTCosting" time="0.0">
    <skipped/>
  </testcase> <!-- BLCDTCosting -->
  <testcase classname="TestCase.CostingSupplierPortal.BLCTest" name="BLCDTCosting" time="0.0">
    <skipped/>
  </testcase> <!-- BLCDTCosting -->
  <testcase classname="TestCase.CostingSupplierPortal.BLCTest" name="BLCDTCosting" time="0.0">
    <skipped/>
  </testcase> <!-- BLCDTCosting -->
  <testcase classname="TestCase.CostingSupplierPortal.BLCTest" name="BLCDTCosting" time="0.0">
    <skipped/>
  </testcase> <!-- BLCDTCosting -->
  <testcase classname="TestCase.CostingSupplierPortal.BLCTest" name="BLCDTCosting" time="0.0">
    <skipped/>
  </testcase> <!-- BLCDTCosting -->
</testsuite> <!-- Command line test -->
