<?xml version="1.0" encoding="UTF-8"?>
<!-- Generated by org.testng.reporters.JUnitReportReporter -->
<testsuite hostname="VNSGNVELA033" failures="0" tests="101" name="TestCase.CostingSupplierPortal.BLCTest" time="17.670" errors="2" timestamp="2024-12-27T17:41:37 ICT" skipped="99">
  <testcase classname="TestCase.CostingSupplierPortal.BLCTest" name="BLCDTCosting" time="13.263">
    <skipped/>
  </testcase> <!-- BLCDTCosting -->
  <testcase classname="TestCase.CostingSupplierPortal.BLCTest" name="BLCDTCosting" time="0.000">
    <skipped/>
  </testcase> <!-- BLCDTCosting -->
  <testcase classname="TestCase.CostingSupplierPortal.BLCTest" name="BLCDTCosting" time="0.000">
    <skipped/>
  </testcase> <!-- BLCDTCosting -->
  <testcase classname="TestCase.CostingSupplierPortal.BLCTest" name="BLCDTCosting" time="0.000">
    <skipped/>
  </testcase> <!-- BLCDTCosting -->
  <testcase classname="TestCase.CostingSupplierPortal.BLCTest" name="BLCDTCosting" time="0.000">
    <skipped/>
  </testcase> <!-- BLCDTCosting -->
  <testcase classname="TestCase.CostingSupplierPortal.BLCTest" name="BLCDTCosting" time="0.000">
    <skipped/>
  </testcase> <!-- BLCDTCosting -->
  <testcase classname="TestCase.CostingSupplierPortal.BLCTest" name="BLCDTCosting" time="0.000">
    <skipped/>
  </testcase> <!-- BLCDTCosting -->
  <testcase classname="TestCase.CostingSupplierPortal.BLCTest" name="BLCDTCosting" time="0.000">
    <skipped/>
  </testcase> <!-- BLCDTCosting -->
  <testcase classname="TestCase.CostingSupplierPortal.BLCTest" name="BLCDTCosting" time="0.000">
    <skipped/>
  </testcase> <!-- BLCDTCosting -->
  <testcase classname="TestCase.CostingSupplierPortal.BLCTest" name="BLCDTCosting" time="0.000">
    <skipped/>
  </testcase> <!-- BLCDTCosting -->
  <testcase classname="TestCase.CostingSupplierPortal.BLCTest" name="BLCDTCosting" time="0.000">
    <skipped/>
  </testcase> <!-- BLCDTCosting -->
  <testcase classname="TestCase.CostingSupplierPortal.BLCTest" name="BLCDTCosting" time="0.000">
    <skipped/>
  </testcase> <!-- BLCDTCosting -->
  <testcase classname="TestCase.CostingSupplierPortal.BLCTest" name="BLCDTCosting" time="0.000">
    <skipped/>
  </testcase> <!-- BLCDTCosting -->
  <testcase classname="TestCase.CostingSupplierPortal.BLCTest" name="BLCDTCosting" time="0.000">
    <skipped/>
  </testcase> <!-- BLCDTCosting -->
  <testcase classname="TestCase.CostingSupplierPortal.BLCTest" name="BLCDTCosting" time="0.021">
    <error message="no such element: Unable to locate element: {&quot;method&quot;:&quot;xpath&quot;,&quot;selector&quot;:&quot;(//span[@class=&#039;ng-star-inserted&#039;])[2]&quot;}
  (Session info: chrome=131.0.6778.205)
For documentation on this error, please visit: https://www.selenium.dev/documentation/webdriver/troubleshooting/errors#no-such-element-exception
Build info: version: &#039;4.24.0&#039;, revision: &#039;748ffc9bc3&#039;
System info: os.name: &#039;Windows 10&#039;, os.arch: &#039;amd64&#039;, os.version: &#039;10.0&#039;, java.version: &#039;17.0.12&#039;
Driver info: org.openqa.selenium.chrome.ChromeDriver
Command: [9175d3f4f1578e0f64ec63fcdc49c698, findElement {using=xpath, value=(//span[@class=&#039;ng-star-inserted&#039;])[2]}]
Capabilities {acceptInsecureCerts: false, browserName: chrome, browserVersion: 131.0.6778.205, chrome: {chromedriverVersion: 131.0.6778.204 (52183f9e99a..., userDataDir: C:\Users\VELA~1.OS0\AppData...}, fedcm:accounts: true, goog:chromeOptions: {debuggerAddress: localhost:55061}, networkConnectionEnabled: false, pageLoadStrategy: normal, platformName: windows, proxy: Proxy(), se:cdp: ws://localhost:55061/devtoo..., se:cdpVersion: 131.0.6778.205, setWindowRect: true, strictFileInteractability: false, timeouts: {implicit: 0, pageLoad: 300000, script: 30000}, unhandledPromptBehavior: dismiss and notify, webauthn:extension:credBlob: true, webauthn:extension:largeBlob: true, webauthn:extension:minPinLength: true, webauthn:extension:prf: true, webauthn:virtualAuthenticators: true}
Session ID: 9175d3f4f1578e0f64ec63fcdc49c698" type="org.openqa.selenium.NoSuchElementException">
      <![CDATA[org.openqa.selenium.NoSuchElementException: no such element: Unable to locate element: {"method":"xpath","selector":"(//span[@class='ng-star-inserted'])[2]"}
  (Session info: chrome=131.0.6778.205)
For documentation on this error, please visit: https://www.selenium.dev/documentation/webdriver/troubleshooting/errors#no-such-element-exception
Build info: version: '4.24.0', revision: '748ffc9bc3'
System info: os.name: 'Windows 10', os.arch: 'amd64', os.version: '10.0', java.version: '17.0.12'
Driver info: org.openqa.selenium.chrome.ChromeDriver
Command: [9175d3f4f1578e0f64ec63fcdc49c698, findElement {using=xpath, value=(//span[@class='ng-star-inserted'])[2]}]
Capabilities {acceptInsecureCerts: false, browserName: chrome, browserVersion: 131.0.6778.205, chrome: {chromedriverVersion: 131.0.6778.204 (52183f9e99a..., userDataDir: C:\Users\VELA~1.OS0\AppData...}, fedcm:accounts: true, goog:chromeOptions: {debuggerAddress: localhost:55061}, networkConnectionEnabled: false, pageLoadStrategy: normal, platformName: windows, proxy: Proxy(), se:cdp: ws://localhost:55061/devtoo..., se:cdpVersion: 131.0.6778.205, setWindowRect: true, strictFileInteractability: false, timeouts: {implicit: 0, pageLoad: 300000, script: 30000}, unhandledPromptBehavior: dismiss and notify, webauthn:extension:credBlob: true, webauthn:extension:largeBlob: true, webauthn:extension:minPinLength: true, webauthn:extension:prf: true, webauthn:virtualAuthenticators: true}
Session ID: 9175d3f4f1578e0f64ec63fcdc49c698
at java.base/jdk.internal.reflect.NativeConstructorAccessorImpl.newInstance0(Native Method)
at java.base/jdk.internal.reflect.NativeConstructorAccessorImpl.newInstance(NativeConstructorAccessorImpl.java:77)
at java.base/jdk.internal.reflect.DelegatingConstructorAccessorImpl.newInstance(DelegatingConstructorAccessorImpl.java:45)
at java.base/java.lang.reflect.Constructor.newInstanceWithCaller(Constructor.java:499)
at java.base/java.lang.reflect.Constructor.newInstance(Constructor.java:480)
at org.openqa.selenium.remote.ErrorCodec.decode(ErrorCodec.java:167)
at org.openqa.selenium.remote.codec.w3c.W3CHttpResponseCodec.decode(W3CHttpResponseCodec.java:138)
at org.openqa.selenium.remote.codec.w3c.W3CHttpResponseCodec.decode(W3CHttpResponseCodec.java:50)
at org.openqa.selenium.remote.HttpCommandExecutor.execute(HttpCommandExecutor.java:190)
at org.openqa.selenium.remote.service.DriverCommandExecutor.invokeExecute(DriverCommandExecutor.java:216)
at org.openqa.selenium.remote.service.DriverCommandExecutor.execute(DriverCommandExecutor.java:174)
at org.openqa.selenium.remote.RemoteWebDriver.execute(RemoteWebDriver.java:545)
at org.openqa.selenium.remote.ElementLocation$ElementFinder$2.findElement(ElementLocation.java:165)
at org.openqa.selenium.remote.ElementLocation.findElement(ElementLocation.java:59)
at org.openqa.selenium.remote.RemoteWebDriver.findElement(RemoteWebDriver.java:368)
at org.openqa.selenium.remote.RemoteWebDriver.findElement(RemoteWebDriver.java:362)
at org.openqa.selenium.support.pagefactory.DefaultElementLocator.findElement(DefaultElementLocator.java:68)
at org.openqa.selenium.support.pagefactory.internal.LocatingElementHandler.invoke(LocatingElementHandler.java:38)
at jdk.proxy2/jdk.proxy2.$Proxy12.click(Unknown Source)
at TestCase.CostingSupplierPortal.BLCLocator.Create_Costing_Button(BLCLocator.java:41)
at TestCase.CostingSupplierPortal.BLCTest.BLCDTCosting(BLCTest.java:26)
at java.base/jdk.internal.reflect.NativeMethodAccessorImpl.invoke0(Native Method)
at java.base/jdk.internal.reflect.NativeMethodAccessorImpl.invoke(NativeMethodAccessorImpl.java:77)
at java.base/jdk.internal.reflect.DelegatingMethodAccessorImpl.invoke(DelegatingMethodAccessorImpl.java:43)
at java.base/java.lang.reflect.Method.invoke(Method.java:568)
at org.testng.internal.invokers.MethodInvocationHelper.invokeMethod(MethodInvocationHelper.java:141)
at org.testng.internal.invokers.TestInvoker.invokeMethod(TestInvoker.java:686)
at org.testng.internal.invokers.TestInvoker.invokeTestMethod(TestInvoker.java:230)
at org.testng.internal.invokers.MethodRunner.runInSequence(MethodRunner.java:63)
at org.testng.internal.invokers.TestInvoker$MethodInvocationAgent.invoke(TestInvoker.java:992)
at org.testng.internal.invokers.TestInvoker.invokeTestMethods(TestInvoker.java:203)
at org.testng.internal.invokers.TestMethodWorker.invokeTestMethods(TestMethodWorker.java:154)
at org.testng.internal.invokers.TestMethodWorker.run(TestMethodWorker.java:134)
at java.base/java.util.ArrayList.forEach(ArrayList.java:1511)
at org.testng.TestRunner.privateRun(TestRunner.java:739)
at org.testng.TestRunner.run(TestRunner.java:614)
at org.testng.SuiteRunner.runTest(SuiteRunner.java:421)
at org.testng.SuiteRunner.runSequentially(SuiteRunner.java:413)
at org.testng.SuiteRunner.privateRun(SuiteRunner.java:373)
at org.testng.SuiteRunner.run(SuiteRunner.java:312)
at org.testng.SuiteRunnerWorker.runSuite(SuiteRunnerWorker.java:52)
at org.testng.SuiteRunnerWorker.run(SuiteRunnerWorker.java:95)
at org.testng.TestNG.runSuitesSequentially(TestNG.java:1274)
at org.testng.TestNG.runSuitesLocally(TestNG.java:1208)
at org.testng.TestNG.runSuites(TestNG.java:1112)
at org.testng.TestNG.run(TestNG.java:1079)
at TestCase.CostingSupplierPortal.RunTestBLCMultiple.lambda$main$0(RunTestBLCMultiple.java:22)
at java.base/java.util.concurrent.Executors$RunnableAdapter.call(Executors.java:539)
at java.base/java.util.concurrent.FutureTask.run(FutureTask.java:264)
at java.base/java.util.concurrent.ThreadPoolExecutor.runWorker(ThreadPoolExecutor.java:1136)
at java.base/java.util.concurrent.ThreadPoolExecutor$Worker.run(ThreadPoolExecutor.java:635)
at java.base/java.lang.Thread.run(Thread.java:842)
]]>
    </error>
  </testcase> <!-- BLCDTCosting -->
  <testcase classname="TestCase.CostingSupplierPortal.BLCTest" name="BLCDTCosting" time="0.000">
    <skipped/>
  </testcase> <!-- BLCDTCosting -->
  <testcase classname="TestCase.CostingSupplierPortal.BLCTest" name="BLCDTCosting" time="0.000">
    <skipped/>
  </testcase> <!-- BLCDTCosting -->
  <testcase classname="TestCase.CostingSupplierPortal.BLCTest" name="BLCDTCosting" time="0.000">
    <skipped/>
  </testcase> <!-- BLCDTCosting -->
  <testcase classname="TestCase.CostingSupplierPortal.BLCTest" name="BLCDTCosting" time="0.000">
    <skipped/>
  </testcase> <!-- BLCDTCosting -->
  <testcase classname="TestCase.CostingSupplierPortal.BLCTest" name="BLCDTCosting" time="0.000">
    <skipped/>
  </testcase> <!-- BLCDTCosting -->
  <testcase classname="TestCase.CostingSupplierPortal.BLCTest" name="BLCDTCosting" time="0.000">
    <skipped/>
  </testcase> <!-- BLCDTCosting -->
  <testcase classname="TestCase.CostingSupplierPortal.BLCTest" name="BLCDTCosting" time="0.000">
    <skipped/>
  </testcase> <!-- BLCDTCosting -->
  <testcase classname="TestCase.CostingSupplierPortal.BLCTest" name="BLCDTCosting" time="0.000">
    <skipped/>
  </testcase> <!-- BLCDTCosting -->
  <testcase classname="TestCase.CostingSupplierPortal.BLCTest" name="BLCDTCosting" time="0.000">
    <skipped/>
  </testcase> <!-- BLCDTCosting -->
  <testcase classname="TestCase.CostingSupplierPortal.BLCTest" name="BLCDTCosting" time="0.000">
    <skipped/>
  </testcase> <!-- BLCDTCosting -->
  <testcase classname="TestCase.CostingSupplierPortal.BLCTest" name="BLCDTCosting" time="0.000">
    <skipped/>
  </testcase> <!-- BLCDTCosting -->
  <testcase classname="TestCase.CostingSupplierPortal.BLCTest" name="BLCDTCosting" time="0.000">
    <skipped/>
  </testcase> <!-- BLCDTCosting -->
  <testcase classname="TestCase.CostingSupplierPortal.BLCTest" name="BLCDTCosting" time="0.000">
    <skipped/>
  </testcase> <!-- BLCDTCosting -->
  <testcase classname="TestCase.CostingSupplierPortal.BLCTest" name="BLCDTCosting" time="0.000">
    <skipped/>
  </testcase> <!-- BLCDTCosting -->
  <testcase classname="TestCase.CostingSupplierPortal.BLCTest" name="BLCDTCosting" time="0.000">
    <skipped/>
  </testcase> <!-- BLCDTCosting -->
  <testcase classname="TestCase.CostingSupplierPortal.BLCTest" name="BLCDTCosting" time="0.000">
    <skipped/>
  </testcase> <!-- BLCDTCosting -->
  <testcase classname="TestCase.CostingSupplierPortal.BLCTest" name="BLCDTCosting" time="0.000">
    <skipped/>
  </testcase> <!-- BLCDTCosting -->
  <testcase classname="TestCase.CostingSupplierPortal.BLCTest" name="BLCDTCosting" time="0.000">
    <skipped/>
  </testcase> <!-- BLCDTCosting -->
  <testcase classname="TestCase.CostingSupplierPortal.BLCTest" name="BLCDTCosting" time="0.000">
    <skipped/>
  </testcase> <!-- BLCDTCosting -->
  <testcase classname="TestCase.CostingSupplierPortal.BLCTest" name="BLCDTCosting" time="0.000">
    <skipped/>
  </testcase> <!-- BLCDTCosting -->
  <testcase classname="TestCase.CostingSupplierPortal.BLCTest" name="BLCDTCosting" time="0.000">
    <skipped/>
  </testcase> <!-- BLCDTCosting -->
  <testcase classname="TestCase.CostingSupplierPortal.BLCTest" name="BLCDTCosting" time="0.000">
    <skipped/>
  </testcase> <!-- BLCDTCosting -->
  <testcase classname="TestCase.CostingSupplierPortal.BLCTest" name="BLCDTCosting" time="0.000">
    <skipped/>
  </testcase> <!-- BLCDTCosting -->
  <testcase classname="TestCase.CostingSupplierPortal.BLCTest" name="BLCDTCosting" time="0.000">
    <skipped/>
  </testcase> <!-- BLCDTCosting -->
  <testcase classname="TestCase.CostingSupplierPortal.BLCTest" name="BLCDTCosting" time="0.000">
    <skipped/>
  </testcase> <!-- BLCDTCosting -->
  <testcase classname="TestCase.CostingSupplierPortal.BLCTest" name="BLCDTCosting" time="0.000">
    <skipped/>
  </testcase> <!-- BLCDTCosting -->
  <testcase classname="TestCase.CostingSupplierPortal.BLCTest" name="BLCDTCosting" time="0.000">
    <skipped/>
  </testcase> <!-- BLCDTCosting -->
  <testcase classname="TestCase.CostingSupplierPortal.BLCTest" name="BLCDTCosting" time="0.000">
    <skipped/>
  </testcase> <!-- BLCDTCosting -->
  <testcase classname="TestCase.CostingSupplierPortal.BLCTest" name="BLCDTCosting" time="0.000">
    <skipped/>
  </testcase> <!-- BLCDTCosting -->
  <testcase classname="TestCase.CostingSupplierPortal.BLCTest" name="BLCDTCosting" time="0.000">
    <skipped/>
  </testcase> <!-- BLCDTCosting -->
  <testcase classname="TestCase.CostingSupplierPortal.BLCTest" name="Setup" time="4.385">
    <error message="no such window: target window already closed
from unknown error: web view not found
  (Session info: chrome=131.0.6778.205)
Build info: version: &#039;4.24.0&#039;, revision: &#039;748ffc9bc3&#039;
System info: os.name: &#039;Windows 10&#039;, os.arch: &#039;amd64&#039;, os.version: &#039;10.0&#039;, java.version: &#039;17.0.12&#039;
Driver info: org.openqa.selenium.chrome.ChromeDriver
Command: [6e1b7402a236140fd6b493890daf120a, findElement {using=id, value=username}]
Capabilities {acceptInsecureCerts: false, browserName: chrome, browserVersion: 131.0.6778.205, chrome: {chromedriverVersion: 131.0.6778.204 (52183f9e99a..., userDataDir: C:\Users\VELA~1.OS0\AppData...}, fedcm:accounts: true, goog:chromeOptions: {debuggerAddress: localhost:55106}, networkConnectionEnabled: false, pageLoadStrategy: normal, platformName: windows, proxy: Proxy(), se:cdp: ws://localhost:55106/devtoo..., se:cdpVersion: 131.0.6778.205, setWindowRect: true, strictFileInteractability: false, timeouts: {implicit: 0, pageLoad: 300000, script: 30000}, unhandledPromptBehavior: dismiss and notify, webauthn:extension:credBlob: true, webauthn:extension:largeBlob: true, webauthn:extension:minPinLength: true, webauthn:extension:prf: true, webauthn:virtualAuthenticators: true}
Session ID: 6e1b7402a236140fd6b493890daf120a" type="org.openqa.selenium.NoSuchWindowException">
      <![CDATA[org.openqa.selenium.NoSuchWindowException: no such window: target window already closed
from unknown error: web view not found
  (Session info: chrome=131.0.6778.205)
Build info: version: '4.24.0', revision: '748ffc9bc3'
System info: os.name: 'Windows 10', os.arch: 'amd64', os.version: '10.0', java.version: '17.0.12'
Driver info: org.openqa.selenium.chrome.ChromeDriver
Command: [6e1b7402a236140fd6b493890daf120a, findElement {using=id, value=username}]
Capabilities {acceptInsecureCerts: false, browserName: chrome, browserVersion: 131.0.6778.205, chrome: {chromedriverVersion: 131.0.6778.204 (52183f9e99a..., userDataDir: C:\Users\VELA~1.OS0\AppData...}, fedcm:accounts: true, goog:chromeOptions: {debuggerAddress: localhost:55106}, networkConnectionEnabled: false, pageLoadStrategy: normal, platformName: windows, proxy: Proxy(), se:cdp: ws://localhost:55106/devtoo..., se:cdpVersion: 131.0.6778.205, setWindowRect: true, strictFileInteractability: false, timeouts: {implicit: 0, pageLoad: 300000, script: 30000}, unhandledPromptBehavior: dismiss and notify, webauthn:extension:credBlob: true, webauthn:extension:largeBlob: true, webauthn:extension:minPinLength: true, webauthn:extension:prf: true, webauthn:virtualAuthenticators: true}
Session ID: 6e1b7402a236140fd6b493890daf120a
at java.base/jdk.internal.reflect.NativeConstructorAccessorImpl.newInstance0(Native Method)
at java.base/jdk.internal.reflect.NativeConstructorAccessorImpl.newInstance(NativeConstructorAccessorImpl.java:77)
at java.base/jdk.internal.reflect.DelegatingConstructorAccessorImpl.newInstance(DelegatingConstructorAccessorImpl.java:45)
at java.base/java.lang.reflect.Constructor.newInstanceWithCaller(Constructor.java:499)
at java.base/java.lang.reflect.Constructor.newInstance(Constructor.java:480)
at org.openqa.selenium.remote.ErrorCodec.decode(ErrorCodec.java:167)
at org.openqa.selenium.remote.codec.w3c.W3CHttpResponseCodec.decode(W3CHttpResponseCodec.java:138)
at org.openqa.selenium.remote.codec.w3c.W3CHttpResponseCodec.decode(W3CHttpResponseCodec.java:50)
at org.openqa.selenium.remote.HttpCommandExecutor.execute(HttpCommandExecutor.java:190)
at org.openqa.selenium.remote.service.DriverCommandExecutor.invokeExecute(DriverCommandExecutor.java:216)
at org.openqa.selenium.remote.service.DriverCommandExecutor.execute(DriverCommandExecutor.java:174)
at org.openqa.selenium.remote.RemoteWebDriver.execute(RemoteWebDriver.java:545)
at org.openqa.selenium.remote.ElementLocation$ElementFinder$2.findElement(ElementLocation.java:165)
at org.openqa.selenium.remote.ElementLocation.findElement(ElementLocation.java:66)
at org.openqa.selenium.remote.RemoteWebDriver.findElement(RemoteWebDriver.java:368)
at org.openqa.selenium.remote.RemoteWebDriver.findElement(RemoteWebDriver.java:362)
at TestCase.CostingSupplierPortal.LoginCostingSupplier.LoginSupplier(LoginCostingSupplier.java:22)
at TestCase.CostingSupplierPortal.BLCTest.Setup(BLCTest.java:21)
at java.base/jdk.internal.reflect.NativeMethodAccessorImpl.invoke0(Native Method)
at java.base/jdk.internal.reflect.NativeMethodAccessorImpl.invoke(NativeMethodAccessorImpl.java:77)
at java.base/jdk.internal.reflect.DelegatingMethodAccessorImpl.invoke(DelegatingMethodAccessorImpl.java:43)
at java.base/java.lang.reflect.Method.invoke(Method.java:568)
at org.testng.internal.invokers.MethodInvocationHelper.invokeMethod(MethodInvocationHelper.java:141)
at org.testng.internal.invokers.MethodInvocationHelper.invokeMethodConsideringTimeout(MethodInvocationHelper.java:71)
at org.testng.internal.invokers.ConfigInvoker.invokeConfigurationMethod(ConfigInvoker.java:400)
at org.testng.internal.invokers.ConfigInvoker.invokeConfigurations(ConfigInvoker.java:333)
at org.testng.internal.invokers.TestInvoker.runConfigMethods(TestInvoker.java:833)
at org.testng.internal.invokers.TestInvoker.invokeMethod(TestInvoker.java:600)
at org.testng.internal.invokers.TestInvoker.invokeTestMethod(TestInvoker.java:230)
at org.testng.internal.invokers.MethodRunner.runInSequence(MethodRunner.java:63)
at org.testng.internal.invokers.TestInvoker$MethodInvocationAgent.invoke(TestInvoker.java:992)
at org.testng.internal.invokers.TestInvoker.invokeTestMethods(TestInvoker.java:203)
at org.testng.internal.invokers.TestMethodWorker.invokeTestMethods(TestMethodWorker.java:154)
at org.testng.internal.invokers.TestMethodWorker.run(TestMethodWorker.java:134)
at java.base/java.util.ArrayList.forEach(ArrayList.java:1511)
at org.testng.TestRunner.privateRun(TestRunner.java:739)
at org.testng.TestRunner.run(TestRunner.java:614)
at org.testng.SuiteRunner.runTest(SuiteRunner.java:421)
at org.testng.SuiteRunner.runSequentially(SuiteRunner.java:413)
at org.testng.SuiteRunner.privateRun(SuiteRunner.java:373)
at org.testng.SuiteRunner.run(SuiteRunner.java:312)
at org.testng.SuiteRunnerWorker.runSuite(SuiteRunnerWorker.java:52)
at org.testng.SuiteRunnerWorker.run(SuiteRunnerWorker.java:95)
at org.testng.TestNG.runSuitesSequentially(TestNG.java:1274)
at org.testng.TestNG.runSuitesLocally(TestNG.java:1208)
at org.testng.TestNG.runSuites(TestNG.java:1112)
at org.testng.TestNG.run(TestNG.java:1079)
at TestCase.CostingSupplierPortal.RunTestBLCMultiple.lambda$main$0(RunTestBLCMultiple.java:22)
at java.base/java.util.concurrent.Executors$RunnableAdapter.call(Executors.java:539)
at java.base/java.util.concurrent.FutureTask.run(FutureTask.java:264)
at java.base/java.util.concurrent.ThreadPoolExecutor.runWorker(ThreadPoolExecutor.java:1136)
at java.base/java.util.concurrent.ThreadPoolExecutor$Worker.run(ThreadPoolExecutor.java:635)
at java.base/java.lang.Thread.run(Thread.java:842)
]]>
    </error>
  </testcase> <!-- Setup -->
  <testcase classname="TestCase.CostingSupplierPortal.BLCTest" name="BLCDTCosting" time="0.000">
    <skipped/>
  </testcase> <!-- BLCDTCosting -->
  <testcase classname="TestCase.CostingSupplierPortal.BLCTest" name="BLCDTCosting" time="0.000">
    <skipped/>
  </testcase> <!-- BLCDTCosting -->
  <testcase classname="TestCase.CostingSupplierPortal.BLCTest" name="BLCDTCosting" time="0.000">
    <skipped/>
  </testcase> <!-- BLCDTCosting -->
  <testcase classname="TestCase.CostingSupplierPortal.BLCTest" name="BLCDTCosting" time="0.000">
    <skipped/>
  </testcase> <!-- BLCDTCosting -->
  <testcase classname="TestCase.CostingSupplierPortal.BLCTest" name="BLCDTCosting" time="0.000">
    <skipped/>
  </testcase> <!-- BLCDTCosting -->
  <testcase classname="TestCase.CostingSupplierPortal.BLCTest" name="BLCDTCosting" time="0.001">
    <skipped/>
  </testcase> <!-- BLCDTCosting -->
  <testcase classname="TestCase.CostingSupplierPortal.BLCTest" name="BLCDTCosting" time="0.000">
    <skipped/>
  </testcase> <!-- BLCDTCosting -->
  <testcase classname="TestCase.CostingSupplierPortal.BLCTest" name="BLCDTCosting" time="0.000">
    <skipped/>
  </testcase> <!-- BLCDTCosting -->
  <testcase classname="TestCase.CostingSupplierPortal.BLCTest" name="BLCDTCosting" time="0.000">
    <skipped/>
  </testcase> <!-- BLCDTCosting -->
  <testcase classname="TestCase.CostingSupplierPortal.BLCTest" name="BLCDTCosting" time="0.000">
    <skipped/>
  </testcase> <!-- BLCDTCosting -->
  <testcase classname="TestCase.CostingSupplierPortal.BLCTest" name="BLCDTCosting" time="0.000">
    <skipped/>
  </testcase> <!-- BLCDTCosting -->
  <testcase classname="TestCase.CostingSupplierPortal.BLCTest" name="BLCDTCosting" time="0.000">
    <skipped/>
  </testcase> <!-- BLCDTCosting -->
  <testcase classname="TestCase.CostingSupplierPortal.BLCTest" name="BLCDTCosting" time="0.000">
    <skipped/>
  </testcase> <!-- BLCDTCosting -->
  <testcase classname="TestCase.CostingSupplierPortal.BLCTest" name="BLCDTCosting" time="0.000">
    <skipped/>
  </testcase> <!-- BLCDTCosting -->
  <testcase classname="TestCase.CostingSupplierPortal.BLCTest" name="BLCDTCosting" time="0.000">
    <skipped/>
  </testcase> <!-- BLCDTCosting -->
  <testcase classname="TestCase.CostingSupplierPortal.BLCTest" name="BLCDTCosting" time="0.000">
    <skipped/>
  </testcase> <!-- BLCDTCosting -->
  <testcase classname="TestCase.CostingSupplierPortal.BLCTest" name="BLCDTCosting" time="0.000">
    <skipped/>
  </testcase> <!-- BLCDTCosting -->
  <testcase classname="TestCase.CostingSupplierPortal.BLCTest" name="BLCDTCosting" time="0.000">
    <skipped/>
  </testcase> <!-- BLCDTCosting -->
  <testcase classname="TestCase.CostingSupplierPortal.BLCTest" name="BLCDTCosting" time="0.000">
    <skipped/>
  </testcase> <!-- BLCDTCosting -->
  <testcase classname="TestCase.CostingSupplierPortal.BLCTest" name="BLCDTCosting" time="0.000">
    <skipped/>
  </testcase> <!-- BLCDTCosting -->
  <testcase classname="TestCase.CostingSupplierPortal.BLCTest" name="BLCDTCosting" time="0.000">
    <skipped/>
  </testcase> <!-- BLCDTCosting -->
  <testcase classname="TestCase.CostingSupplierPortal.BLCTest" name="BLCDTCosting" time="0.000">
    <skipped/>
  </testcase> <!-- BLCDTCosting -->
  <testcase classname="TestCase.CostingSupplierPortal.BLCTest" name="BLCDTCosting" time="0.000">
    <skipped/>
  </testcase> <!-- BLCDTCosting -->
  <testcase classname="TestCase.CostingSupplierPortal.BLCTest" name="BLCDTCosting" time="0.000">
    <skipped/>
  </testcase> <!-- BLCDTCosting -->
  <testcase classname="TestCase.CostingSupplierPortal.BLCTest" name="BLCDTCosting" time="0.000">
    <skipped/>
  </testcase> <!-- BLCDTCosting -->
  <testcase classname="TestCase.CostingSupplierPortal.BLCTest" name="BLCDTCosting" time="0.000">
    <skipped/>
  </testcase> <!-- BLCDTCosting -->
  <testcase classname="TestCase.CostingSupplierPortal.BLCTest" name="BLCDTCosting" time="0.000">
    <skipped/>
  </testcase> <!-- BLCDTCosting -->
  <testcase classname="TestCase.CostingSupplierPortal.BLCTest" name="BLCDTCosting" time="0.000">
    <skipped/>
  </testcase> <!-- BLCDTCosting -->
  <testcase classname="TestCase.CostingSupplierPortal.BLCTest" name="BLCDTCosting" time="0.000">
    <skipped/>
  </testcase> <!-- BLCDTCosting -->
  <testcase classname="TestCase.CostingSupplierPortal.BLCTest" name="BLCDTCosting" time="0.000">
    <skipped/>
  </testcase> <!-- BLCDTCosting -->
  <testcase classname="TestCase.CostingSupplierPortal.BLCTest" name="BLCDTCosting" time="0.000">
    <skipped/>
  </testcase> <!-- BLCDTCosting -->
  <testcase classname="TestCase.CostingSupplierPortal.BLCTest" name="BLCDTCosting" time="0.000">
    <skipped/>
  </testcase> <!-- BLCDTCosting -->
  <testcase classname="TestCase.CostingSupplierPortal.BLCTest" name="BLCDTCosting" time="0.000">
    <skipped/>
  </testcase> <!-- BLCDTCosting -->
  <testcase classname="TestCase.CostingSupplierPortal.BLCTest" name="BLCDTCosting" time="0.000">
    <skipped/>
  </testcase> <!-- BLCDTCosting -->
  <testcase classname="TestCase.CostingSupplierPortal.BLCTest" name="BLCDTCosting" time="0.000">
    <skipped/>
  </testcase> <!-- BLCDTCosting -->
  <testcase classname="TestCase.CostingSupplierPortal.BLCTest" name="BLCDTCosting" time="0.000">
    <skipped/>
  </testcase> <!-- BLCDTCosting -->
  <testcase classname="TestCase.CostingSupplierPortal.BLCTest" name="BLCDTCosting" time="0.000">
    <skipped/>
  </testcase> <!-- BLCDTCosting -->
  <testcase classname="TestCase.CostingSupplierPortal.BLCTest" name="BLCDTCosting" time="0.000">
    <skipped/>
  </testcase> <!-- BLCDTCosting -->
  <testcase classname="TestCase.CostingSupplierPortal.BLCTest" name="BLCDTCosting" time="0.000">
    <skipped/>
  </testcase> <!-- BLCDTCosting -->
  <testcase classname="TestCase.CostingSupplierPortal.BLCTest" name="BLCDTCosting" time="0.000">
    <skipped/>
  </testcase> <!-- BLCDTCosting -->
  <testcase classname="TestCase.CostingSupplierPortal.BLCTest" name="BLCDTCosting" time="0.000">
    <skipped/>
  </testcase> <!-- BLCDTCosting -->
  <testcase classname="TestCase.CostingSupplierPortal.BLCTest" name="BLCDTCosting" time="0.000">
    <skipped/>
  </testcase> <!-- BLCDTCosting -->
  <testcase classname="TestCase.CostingSupplierPortal.BLCTest" name="BLCDTCosting" time="0.000">
    <skipped/>
  </testcase> <!-- BLCDTCosting -->
  <testcase classname="TestCase.CostingSupplierPortal.BLCTest" name="BLCDTCosting" time="0.000">
    <skipped/>
  </testcase> <!-- BLCDTCosting -->
  <testcase classname="TestCase.CostingSupplierPortal.BLCTest" name="BLCDTCosting" time="0.000">
    <skipped/>
  </testcase> <!-- BLCDTCosting -->
  <testcase classname="TestCase.CostingSupplierPortal.BLCTest" name="BLCDTCosting" time="0.000">
    <skipped/>
  </testcase> <!-- BLCDTCosting -->
  <testcase classname="TestCase.CostingSupplierPortal.BLCTest" name="BLCDTCosting" time="0.000">
    <skipped/>
  </testcase> <!-- BLCDTCosting -->
  <testcase classname="TestCase.CostingSupplierPortal.BLCTest" name="BLCDTCosting" time="0.000">
    <skipped/>
  </testcase> <!-- BLCDTCosting -->
  <testcase classname="TestCase.CostingSupplierPortal.BLCTest" name="BLCDTCosting" time="0.000">
    <skipped/>
  </testcase> <!-- BLCDTCosting -->
  <testcase classname="TestCase.CostingSupplierPortal.BLCTest" name="BLCDTCosting" time="0.000">
    <skipped/>
  </testcase> <!-- BLCDTCosting -->
  <testcase classname="TestCase.CostingSupplierPortal.BLCTest" name="BLCDTCosting" time="0.000">
    <skipped/>
  </testcase> <!-- BLCDTCosting -->
  <testcase classname="TestCase.CostingSupplierPortal.BLCTest" name="BLCDTCosting" time="0.000">
    <skipped/>
  </testcase> <!-- BLCDTCosting -->
  <testcase classname="TestCase.CostingSupplierPortal.BLCTest" name="BLCDTCosting" time="0.000">
    <skipped/>
  </testcase> <!-- BLCDTCosting -->
  <testcase classname="TestCase.CostingSupplierPortal.BLCTest" name="BLCDTCosting" time="0.000">
    <skipped/>
  </testcase> <!-- BLCDTCosting -->
  <testcase classname="TestCase.CostingSupplierPortal.BLCTest" name="BLCDTCosting" time="0.000">
    <skipped/>
  </testcase> <!-- BLCDTCosting -->
</testsuite> <!-- TestCase.CostingSupplierPortal.BLCTest -->
